  [1m[35m (143.7ms)[0m  [1m[35mCREATE TABLE "schema_migrations" ("version" character varying NOT NULL PRIMARY KEY)[0m
  [1m[35m (11.7ms)[0m  [1m[35mCREATE TABLE "ar_internal_metadata" ("key" character varying NOT NULL PRIMARY KEY, "value" character varying, "created_at" timestamp NOT NULL, "updated_at" timestamp NOT NULL)[0m
  [1m[35m (7.4ms)[0m  [1m[34mSELECT pg_try_advisory_lock(671477840910592380)[0m
  [1m[35m (1.3ms)[0m  [1m[34mSELECT "schema_migrations"."version" FROM "schema_migrations" ORDER BY "schema_migrations"."version" ASC[0m
Migrating to CreateUsers (20180906224224)
  [1m[35m (0.3ms)[0m  [1m[35mBEGIN[0m
  [1m[35m (44.5ms)[0m  [1m[35mCREATE TABLE "users" ("id" bigserial primary key, "username" character varying NOT NULL, "created_at" timestamp NOT NULL, "updated_at" timestamp NOT NULL)[0m
  [1m[35m (1.4ms)[0m  [1m[35mCREATE UNIQUE INDEX  "index_users_on_username" ON "users"  ("username")[0m
  [1m[35mSQL (0.7ms)[0m  [1m[32mINSERT INTO "schema_migrations" ("version") VALUES ($1) RETURNING "version"[0m  [["version", "20180906224224"]]
  [1m[35m (1.1ms)[0m  [1m[35mCOMMIT[0m
  [1m[36mActiveRecord::InternalMetadata Load (0.5ms)[0m  [1m[34mSELECT  "ar_internal_metadata".* FROM "ar_internal_metadata" WHERE "ar_internal_metadata"."key" = $1 LIMIT $2[0m  [["key", "environment"], ["LIMIT", 1]]
  [1m[35m (0.2ms)[0m  [1m[35mBEGIN[0m
  [1m[35mSQL (0.7ms)[0m  [1m[32mINSERT INTO "ar_internal_metadata" ("key", "value", "created_at", "updated_at") VALUES ($1, $2, $3, $4) RETURNING "key"[0m  [["key", "environment"], ["value", "development"], ["created_at", "2018-09-06 22:43:26.072240"], ["updated_at", "2018-09-06 22:43:26.072240"]]
  [1m[35m (0.5ms)[0m  [1m[35mCOMMIT[0m
  [1m[35m (0.3ms)[0m  [1m[34mSELECT pg_advisory_unlock(671477840910592380)[0m
  [1m[35m (0.8ms)[0m  [1m[34mSELECT "schema_migrations"."version" FROM "schema_migrations" ORDER BY "schema_migrations"."version" ASC[0m
  [1m[35m (0.3ms)[0m  [1m[34mSELECT pg_try_advisory_lock(671477840910592380)[0m
  [1m[35m (1.1ms)[0m  [1m[34mSELECT "schema_migrations"."version" FROM "schema_migrations" ORDER BY "schema_migrations"."version" ASC[0m
Migrating to CreatePolls (20180906224346)
  [1m[35m (0.2ms)[0m  [1m[35mBEGIN[0m
  [1m[35m (25.7ms)[0m  [1m[35mCREATE TABLE "polls" ("id" bigserial primary key, "title" character varying NOT NULL, "user_id" integer NOT NULL, "created_at" timestamp NOT NULL, "updated_at" timestamp NOT NULL)[0m
  [1m[35m (1.4ms)[0m  [1m[35mCREATE UNIQUE INDEX  "index_polls_on_title" ON "polls"  ("title")[0m
  [1m[35m (1.2ms)[0m  [1m[35mCREATE  INDEX  "index_polls_on_user_id" ON "polls"  ("user_id")[0m
  [1m[35mSQL (1.1ms)[0m  [1m[32mINSERT INTO "schema_migrations" ("version") VALUES ($1) RETURNING "version"[0m  [["version", "20180906224346"]]
  [1m[35m (1.6ms)[0m  [1m[35mCOMMIT[0m
  [1m[36mActiveRecord::InternalMetadata Load (0.5ms)[0m  [1m[34mSELECT  "ar_internal_metadata".* FROM "ar_internal_metadata" WHERE "ar_internal_metadata"."key" = $1 LIMIT $2[0m  [["key", "environment"], ["LIMIT", 1]]
  [1m[35m (0.4ms)[0m  [1m[35mBEGIN[0m
  [1m[35m (0.3ms)[0m  [1m[35mCOMMIT[0m
  [1m[35m (0.6ms)[0m  [1m[34mSELECT pg_advisory_unlock(671477840910592380)[0m
  [1m[35m (0.4ms)[0m  [1m[34mSELECT "schema_migrations"."version" FROM "schema_migrations" ORDER BY "schema_migrations"."version" ASC[0m
  [1m[35m (0.2ms)[0m  [1m[34mSELECT pg_try_advisory_lock(671477840910592380)[0m
  [1m[35m (1.1ms)[0m  [1m[34mSELECT "schema_migrations"."version" FROM "schema_migrations" ORDER BY "schema_migrations"."version" ASC[0m
Migrating to CreateQuestions (20180906230422)
  [1m[35m (0.3ms)[0m  [1m[34mSELECT pg_advisory_unlock(671477840910592380)[0m
  [1m[35m (0.3ms)[0m  [1m[34mSELECT pg_try_advisory_lock(671477840910592380)[0m
  [1m[35m (1.1ms)[0m  [1m[34mSELECT "schema_migrations"."version" FROM "schema_migrations" ORDER BY "schema_migrations"."version" ASC[0m
Migrating to CreateQuestions (20180906230422)
  [1m[35m (0.3ms)[0m  [1m[35mBEGIN[0m
  [1m[35m (26.0ms)[0m  [1m[35mCREATE TABLE "questions" ("id" bigserial primary key, "body" character varying NOT NULL, "poll_id" integer NOT NULL, "created_at" timestamp NOT NULL, "updated_at" timestamp NOT NULL)[0m
  [1m[35m (1.4ms)[0m  [1m[35mCREATE  INDEX  "index_questions_on_poll_id" ON "questions"  ("poll_id")[0m
  [1m[35mSQL (0.7ms)[0m  [1m[32mINSERT INTO "schema_migrations" ("version") VALUES ($1) RETURNING "version"[0m  [["version", "20180906230422"]]
  [1m[35m (1.2ms)[0m  [1m[35mCOMMIT[0m
  [1m[36mActiveRecord::InternalMetadata Load (0.6ms)[0m  [1m[34mSELECT  "ar_internal_metadata".* FROM "ar_internal_metadata" WHERE "ar_internal_metadata"."key" = $1 LIMIT $2[0m  [["key", "environment"], ["LIMIT", 1]]
  [1m[35m (0.2ms)[0m  [1m[35mBEGIN[0m
  [1m[35m (0.2ms)[0m  [1m[35mCOMMIT[0m
  [1m[35m (0.3ms)[0m  [1m[34mSELECT pg_advisory_unlock(671477840910592380)[0m
  [1m[35m (0.3ms)[0m  [1m[34mSELECT "schema_migrations"."version" FROM "schema_migrations" ORDER BY "schema_migrations"."version" ASC[0m
  [1m[35m (0.4ms)[0m  [1m[34mSELECT pg_try_advisory_lock(671477840910592380)[0m
  [1m[35m (1.6ms)[0m  [1m[34mSELECT "schema_migrations"."version" FROM "schema_migrations" ORDER BY "schema_migrations"."version" ASC[0m
Migrating to CreateAnswerChoices (20180906230712)
  [1m[35m (0.3ms)[0m  [1m[35mBEGIN[0m
  [1m[35m (8.1ms)[0m  [1m[35mCREATE TABLE "answer_choices" ("id" bigserial primary key, "body" text NOT NULL, "question_id" integer NOT NULL, "created_at" timestamp NOT NULL, "updated_at" timestamp NOT NULL)[0m
  [1m[35m (1.3ms)[0m  [1m[35mCREATE  INDEX  "index_answer_choices_on_question_id" ON "answer_choices"  ("question_id")[0m
  [1m[35mSQL (0.6ms)[0m  [1m[32mINSERT INTO "schema_migrations" ("version") VALUES ($1) RETURNING "version"[0m  [["version", "20180906230712"]]
  [1m[35m (1.0ms)[0m  [1m[35mCOMMIT[0m
  [1m[36mActiveRecord::InternalMetadata Load (0.5ms)[0m  [1m[34mSELECT  "ar_internal_metadata".* FROM "ar_internal_metadata" WHERE "ar_internal_metadata"."key" = $1 LIMIT $2[0m  [["key", "environment"], ["LIMIT", 1]]
  [1m[35m (0.2ms)[0m  [1m[35mBEGIN[0m
  [1m[35m (0.1ms)[0m  [1m[35mCOMMIT[0m
  [1m[35m (0.3ms)[0m  [1m[34mSELECT pg_advisory_unlock(671477840910592380)[0m
  [1m[35m (0.7ms)[0m  [1m[34mSELECT "schema_migrations"."version" FROM "schema_migrations" ORDER BY "schema_migrations"."version" ASC[0m
  [1m[35m (0.3ms)[0m  [1m[34mSELECT pg_try_advisory_lock(671477840910592380)[0m
  [1m[35m (1.1ms)[0m  [1m[34mSELECT "schema_migrations"."version" FROM "schema_migrations" ORDER BY "schema_migrations"."version" ASC[0m
Migrating to ChangeInputOnQuestion (20180906231002)
  [1m[35m (0.3ms)[0m  [1m[35mBEGIN[0m
  [1m[35m (48.0ms)[0m  [1m[35mALTER TABLE "questions" ALTER COLUMN "body" TYPE text[0m
  [1m[35mSQL (0.6ms)[0m  [1m[32mINSERT INTO "schema_migrations" ("version") VALUES ($1) RETURNING "version"[0m  [["version", "20180906231002"]]
  [1m[35m (0.6ms)[0m  [1m[35mCOMMIT[0m
  [1m[36mActiveRecord::InternalMetadata Load (0.5ms)[0m  [1m[34mSELECT  "ar_internal_metadata".* FROM "ar_internal_metadata" WHERE "ar_internal_metadata"."key" = $1 LIMIT $2[0m  [["key", "environment"], ["LIMIT", 1]]
  [1m[35m (0.2ms)[0m  [1m[35mBEGIN[0m
  [1m[35m (0.2ms)[0m  [1m[35mCOMMIT[0m
  [1m[35m (0.4ms)[0m  [1m[34mSELECT pg_advisory_unlock(671477840910592380)[0m
  [1m[35m (0.3ms)[0m  [1m[34mSELECT "schema_migrations"."version" FROM "schema_migrations" ORDER BY "schema_migrations"."version" ASC[0m
  [1m[35m (0.4ms)[0m  [1m[34mSELECT pg_try_advisory_lock(671477840910592380)[0m
  [1m[35m (16.6ms)[0m  [1m[34mSELECT "schema_migrations"."version" FROM "schema_migrations" ORDER BY "schema_migrations"."version" ASC[0m
Migrating to CreateResponses (20180906231244)
  [1m[35m (0.3ms)[0m  [1m[35mBEGIN[0m
  [1m[35m (6.5ms)[0m  [1m[35mCREATE TABLE "responses" ("id" bigserial primary key, "user_id" integer NOT NULL, "answer_id" integer NOT NULL, "created_at" timestamp NOT NULL, "updated_at" timestamp NOT NULL)[0m
  [1m[35m (12.0ms)[0m  [1m[35mCREATE UNIQUE INDEX  "index_responses_on_answer_id_and_user_id" ON "responses"  ("answer_id", "user_id")[0m
  [1m[35m (1.3ms)[0m  [1m[35mCREATE  INDEX  "index_responses_on_user_id" ON "responses"  ("user_id")[0m
  [1m[35mSQL (0.5ms)[0m  [1m[32mINSERT INTO "schema_migrations" ("version") VALUES ($1) RETURNING "version"[0m  [["version", "20180906231244"]]
  [1m[35m (30.3ms)[0m  [1m[35mCOMMIT[0m
  [1m[36mActiveRecord::InternalMetadata Load (0.5ms)[0m  [1m[34mSELECT  "ar_internal_metadata".* FROM "ar_internal_metadata" WHERE "ar_internal_metadata"."key" = $1 LIMIT $2[0m  [["key", "environment"], ["LIMIT", 1]]
  [1m[35m (0.2ms)[0m  [1m[35mBEGIN[0m
  [1m[35m (0.2ms)[0m  [1m[35mCOMMIT[0m
  [1m[35m (0.3ms)[0m  [1m[34mSELECT pg_advisory_unlock(671477840910592380)[0m
  [1m[35m (0.3ms)[0m  [1m[34mSELECT "schema_migrations"."version" FROM "schema_migrations" ORDER BY "schema_migrations"."version" ASC[0m
  [1m[35m (16.1ms)[0m  [1m[34mSELECT "schema_migrations"."version" FROM "schema_migrations" ORDER BY "schema_migrations"."version" ASC[0m
  [1m[35m (18.2ms)[0m  [1m[34mSELECT "schema_migrations"."version" FROM "schema_migrations" ORDER BY "schema_migrations"."version" ASC[0m
  [1m[35m (1.1ms)[0m  [1m[34mSELECT "schema_migrations"."version" FROM "schema_migrations" ORDER BY "schema_migrations"."version" ASC[0m
  [1m[35m (1.1ms)[0m  [1m[34mSELECT "schema_migrations"."version" FROM "schema_migrations" ORDER BY "schema_migrations"."version" ASC[0m
  [1m[35m (0.2ms)[0m  [1m[35mBEGIN[0m
  [1m[35mSQL (7.7ms)[0m  [1m[32mINSERT INTO "users" ("username", "created_at", "updated_at") VALUES ($1, $2, $3) RETURNING "id"[0m  [["username", "Spongebob"], ["created_at", "2018-09-07 00:09:51.381072"], ["updated_at", "2018-09-07 00:09:51.381072"]]
  [1m[35m (23.3ms)[0m  [1m[35mCOMMIT[0m
  [1m[35m (0.2ms)[0m  [1m[35mBEGIN[0m
  [1m[35mSQL (0.5ms)[0m  [1m[32mINSERT INTO "users" ("username", "created_at", "updated_at") VALUES ($1, $2, $3) RETURNING "id"[0m  [["username", "NotUser"], ["created_at", "2018-09-07 00:09:51.414415"], ["updated_at", "2018-09-07 00:09:51.414415"]]
  [1m[35m (0.5ms)[0m  [1m[35mCOMMIT[0m
  [1m[35m (0.1ms)[0m  [1m[35mBEGIN[0m
  [1m[35mSQL (0.4ms)[0m  [1m[32mINSERT INTO "users" ("username", "created_at", "updated_at") VALUES ($1, $2, $3) RETURNING "id"[0m  [["username", "UserThree"], ["created_at", "2018-09-07 00:09:51.416764"], ["updated_at", "2018-09-07 00:09:51.416764"]]
  [1m[35m (0.4ms)[0m  [1m[35mCOMMIT[0m
  [1m[35m (0.1ms)[0m  [1m[35mBEGIN[0m
  [1m[35mSQL (0.4ms)[0m  [1m[32mINSERT INTO "users" ("username", "created_at", "updated_at") VALUES ($1, $2, $3) RETURNING "id"[0m  [["username", "DW3bZ"], ["created_at", "2018-09-07 00:09:51.418849"], ["updated_at", "2018-09-07 00:09:51.418849"]]
  [1m[35m (0.6ms)[0m  [1m[35mCOMMIT[0m
  [1m[35m (0.1ms)[0m  [1m[35mBEGIN[0m
  [1m[35mSQL (0.4ms)[0m  [1m[32mINSERT INTO "users" ("username", "created_at", "updated_at") VALUES ($1, $2, $3) RETURNING "id"[0m  [["username", "Marlene"], ["created_at", "2018-09-07 00:09:51.421423"], ["updated_at", "2018-09-07 00:09:51.421423"]]
  [1m[35m (0.5ms)[0m  [1m[35mCOMMIT[0m
  [1m[35m (0.2ms)[0m  [1m[35mBEGIN[0m
  [1m[35m (0.3ms)[0m  [1m[31mROLLBACK[0m
  [1m[35m (0.1ms)[0m  [1m[35mBEGIN[0m
  [1m[35m (0.2ms)[0m  [1m[31mROLLBACK[0m
  [1m[35m (0.2ms)[0m  [1m[35mBEGIN[0m
  [1m[35m (0.2ms)[0m  [1m[31mROLLBACK[0m
  [1m[35m (0.1ms)[0m  [1m[35mBEGIN[0m
  [1m[35m (0.2ms)[0m  [1m[31mROLLBACK[0m
  [1m[35m (0.1ms)[0m  [1m[35mBEGIN[0m
  [1m[35m (0.2ms)[0m  [1m[31mROLLBACK[0m
  [1m[35m (1.0ms)[0m  [1m[34mSELECT "schema_migrations"."version" FROM "schema_migrations" ORDER BY "schema_migrations"."version" ASC[0m
  [1m[35m (0.2ms)[0m  [1m[35mBEGIN[0m
  [1m[35mSQL (15.8ms)[0m  [1m[32mINSERT INTO "users" ("username", "created_at", "updated_at") VALUES ($1, $2, $3) RETURNING "id"[0m  [["username", "Spongebob"], ["created_at", "2018-09-07 00:10:15.077356"], ["updated_at", "2018-09-07 00:10:15.077356"]]
  [1m[35m (0.2ms)[0m  [1m[31mROLLBACK[0m
  [1m[35m (17.5ms)[0m  [1m[34mSELECT "schema_migrations"."version" FROM "schema_migrations" ORDER BY "schema_migrations"."version" ASC[0m
  [1m[35m (0.2ms)[0m  [1m[35mBEGIN[0m
  [1m[35mSQL (10.9ms)[0m  [1m[32mINSERT INTO "users" ("username", "created_at", "updated_at") VALUES ($1, $2, $3) RETURNING "id"[0m  [["username", "Spongebob"], ["created_at", "2018-09-07 00:15:54.168027"], ["updated_at", "2018-09-07 00:15:54.168027"]]
  [1m[35m (0.6ms)[0m  [1m[31mROLLBACK[0m
  [1m[35m (1.0ms)[0m  [1m[34mSELECT "schema_migrations"."version" FROM "schema_migrations" ORDER BY "schema_migrations"."version" ASC[0m
  [1m[35m (0.3ms)[0m  [1m[35mBEGIN[0m
  [1m[35m (0.2ms)[0m  [1m[31mROLLBACK[0m
  [1m[35m (1.0ms)[0m  [1m[34mSELECT "schema_migrations"."version" FROM "schema_migrations" ORDER BY "schema_migrations"."version" ASC[0m
  [1m[35m (0.3ms)[0m  [1m[35mBEGIN[0m
  [1m[35m (0.6ms)[0m  [1m[34mSELECT "users"."id" FROM "users"[0m
  [1m[36mUser Load (0.4ms)[0m  [1m[34mSELECT  "users".* FROM "users" WHERE "users"."id" = $1 LIMIT $2[0m  [["id", 1], ["LIMIT", 1]]
  [1m[35mSQL (1.7ms)[0m  [1m[32mINSERT INTO "polls" ("title", "user_id", "created_at", "updated_at") VALUES ($1, $2, $3, $4) RETURNING "id"[0m  [["title", "Confessions from Bikini Bottom"], ["user_id", 1], ["created_at", "2018-09-07 00:18:46.947514"], ["updated_at", "2018-09-07 00:18:46.947514"]]
  [1m[36mUser Load (0.4ms)[0m  [1m[34mSELECT  "users".* FROM "users" WHERE "users"."id" = $1 LIMIT $2[0m  [["id", 2], ["LIMIT", 1]]
  [1m[35mSQL (0.5ms)[0m  [1m[32mINSERT INTO "polls" ("title", "user_id", "created_at", "updated_at") VALUES ($1, $2, $3, $4) RETURNING "id"[0m  [["title", "This is not_a_title"], ["user_id", 2], ["created_at", "2018-09-07 00:18:46.952938"], ["updated_at", "2018-09-07 00:18:46.952938"]]
  [1m[36mUser Load (0.3ms)[0m  [1m[34mSELECT  "users".* FROM "users" WHERE "users"."id" = $1 LIMIT $2[0m  [["id", 3], ["LIMIT", 1]]
  [1m[35mSQL (0.4ms)[0m  [1m[32mINSERT INTO "polls" ("title", "user_id", "created_at", "updated_at") VALUES ($1, $2, $3, $4) RETURNING "id"[0m  [["title", "SQL fun :)"], ["user_id", 3], ["created_at", "2018-09-07 00:18:46.955682"], ["updated_at", "2018-09-07 00:18:46.955682"]]
  [1m[36mUser Load (0.3ms)[0m  [1m[34mSELECT  "users".* FROM "users" WHERE "users"."id" = $1 LIMIT $2[0m  [["id", 4], ["LIMIT", 1]]
  [1m[35mSQL (0.4ms)[0m  [1m[32mINSERT INTO "polls" ("title", "user_id", "created_at", "updated_at") VALUES ($1, $2, $3, $4) RETURNING "id"[0m  [["title", "Progress Report"], ["user_id", 4], ["created_at", "2018-09-07 00:18:46.958167"], ["updated_at", "2018-09-07 00:18:46.958167"]]
  [1m[36mUser Load (0.4ms)[0m  [1m[34mSELECT  "users".* FROM "users" WHERE "users"."id" = $1 LIMIT $2[0m  [["id", 5], ["LIMIT", 1]]
  [1m[35mSQL (0.6ms)[0m  [1m[32mINSERT INTO "polls" ("title", "user_id", "created_at", "updated_at") VALUES ($1, $2, $3, $4) RETURNING "id"[0m  [["title", "How do I get this thing to work?"], ["user_id", 5], ["created_at", "2018-09-07 00:18:46.960728"], ["updated_at", "2018-09-07 00:18:46.960728"]]
  [1m[35m (0.3ms)[0m  [1m[31mROLLBACK[0m
  [1m[35m (1.0ms)[0m  [1m[34mSELECT "schema_migrations"."version" FROM "schema_migrations" ORDER BY "schema_migrations"."version" ASC[0m
  [1m[35m (0.2ms)[0m  [1m[35mBEGIN[0m
  [1m[35m (0.6ms)[0m  [1m[34mSELECT "users"."id" FROM "users"[0m
  [1m[36mUser Load (0.7ms)[0m  [1m[34mSELECT  "users".* FROM "users" WHERE "users"."id" = $1 LIMIT $2[0m  [["id", 1], ["LIMIT", 1]]
  [1m[35mSQL (1.1ms)[0m  [1m[32mINSERT INTO "polls" ("title", "user_id", "created_at", "updated_at") VALUES ($1, $2, $3, $4) RETURNING "id"[0m  [["title", "Confessions from Bikini Bottom"], ["user_id", 1], ["created_at", "2018-09-07 00:19:43.656959"], ["updated_at", "2018-09-07 00:19:43.656959"]]
  [1m[36mUser Load (0.4ms)[0m  [1m[34mSELECT  "users".* FROM "users" WHERE "users"."id" = $1 LIMIT $2[0m  [["id", 2], ["LIMIT", 1]]
  [1m[35mSQL (0.4ms)[0m  [1m[32mINSERT INTO "polls" ("title", "user_id", "created_at", "updated_at") VALUES ($1, $2, $3, $4) RETURNING "id"[0m  [["title", "This is not_a_title"], ["user_id", 2], ["created_at", "2018-09-07 00:19:43.662116"], ["updated_at", "2018-09-07 00:19:43.662116"]]
  [1m[36mUser Load (0.3ms)[0m  [1m[34mSELECT  "users".* FROM "users" WHERE "users"."id" = $1 LIMIT $2[0m  [["id", 3], ["LIMIT", 1]]
  [1m[35mSQL (0.4ms)[0m  [1m[32mINSERT INTO "polls" ("title", "user_id", "created_at", "updated_at") VALUES ($1, $2, $3, $4) RETURNING "id"[0m  [["title", "SQL fun :)"], ["user_id", 3], ["created_at", "2018-09-07 00:19:43.664593"], ["updated_at", "2018-09-07 00:19:43.664593"]]
  [1m[36mUser Load (0.3ms)[0m  [1m[34mSELECT  "users".* FROM "users" WHERE "users"."id" = $1 LIMIT $2[0m  [["id", 4], ["LIMIT", 1]]
  [1m[35mSQL (0.4ms)[0m  [1m[32mINSERT INTO "polls" ("title", "user_id", "created_at", "updated_at") VALUES ($1, $2, $3, $4) RETURNING "id"[0m  [["title", "Progress Report"], ["user_id", 4], ["created_at", "2018-09-07 00:19:43.667094"], ["updated_at", "2018-09-07 00:19:43.667094"]]
  [1m[36mUser Load (0.3ms)[0m  [1m[34mSELECT  "users".* FROM "users" WHERE "users"."id" = $1 LIMIT $2[0m  [["id", 5], ["LIMIT", 1]]
  [1m[35mSQL (0.4ms)[0m  [1m[32mINSERT INTO "polls" ("title", "user_id", "created_at", "updated_at") VALUES ($1, $2, $3, $4) RETURNING "id"[0m  [["title", "How do I get this thing to work?"], ["user_id", 5], ["created_at", "2018-09-07 00:19:43.669571"], ["updated_at", "2018-09-07 00:19:43.669571"]]
  [1m[36mPoll Load (0.5ms)[0m  [1m[34mSELECT  "polls".* FROM "polls" WHERE "polls"."id" = $1 LIMIT $2[0m  [["id", 6], ["LIMIT", 1]]
  [1m[35mSQL (1.2ms)[0m  [1m[32mINSERT INTO "questions" ("body", "poll_id", "created_at", "updated_at") VALUES ($1, $2, $3, $4) RETURNING "id"[0m  [["body", "Are Krabby patties the best?"], ["poll_id", 6], ["created_at", "2018-09-07 00:19:43.690009"], ["updated_at", "2018-09-07 00:19:43.690009"]]
  [1m[36mPoll Load (1.0ms)[0m  [1m[34mSELECT  "polls".* FROM "polls" WHERE "polls"."id" = $1 LIMIT $2[0m  [["id", 6], ["LIMIT", 1]]
  [1m[35mSQL (0.4ms)[0m  [1m[32mINSERT INTO "questions" ("body", "poll_id", "created_at", "updated_at") VALUES ($1, $2, $3, $4) RETURNING "id"[0m  [["body", "Who lives in a pineapple under the sea?"], ["poll_id", 6], ["created_at", "2018-09-07 00:19:43.695181"], ["updated_at", "2018-09-07 00:19:43.695181"]]
  [1m[36mPoll Load (0.3ms)[0m  [1m[34mSELECT  "polls".* FROM "polls" WHERE "polls"."id" = $1 LIMIT $2[0m  [["id", 7], ["LIMIT", 1]]
  [1m[35mSQL (0.5ms)[0m  [1m[32mINSERT INTO "questions" ("body", "poll_id", "created_at", "updated_at") VALUES ($1, $2, $3, $4) RETURNING "id"[0m  [["body", "Is this not_a_poll?"], ["poll_id", 7], ["created_at", "2018-09-07 00:19:43.698262"], ["updated_at", "2018-09-07 00:19:43.698262"]]
  [1m[36mPoll Load (0.8ms)[0m  [1m[34mSELECT  "polls".* FROM "polls" WHERE "polls"."id" = $1 LIMIT $2[0m  [["id", 8], ["LIMIT", 1]]
  [1m[35mSQL (0.4ms)[0m  [1m[32mINSERT INTO "questions" ("body", "poll_id", "created_at", "updated_at") VALUES ($1, $2, $3, $4) RETURNING "id"[0m  [["body", "What does DROP TABLES; do in Ruby?"], ["poll_id", 8], ["created_at", "2018-09-07 00:19:43.701845"], ["updated_at", "2018-09-07 00:19:43.701845"]]
  [1m[36mPoll Load (0.4ms)[0m  [1m[34mSELECT  "polls".* FROM "polls" WHERE "polls"."id" = $1 LIMIT $2[0m  [["id", 8], ["LIMIT", 1]]
  [1m[35mSQL (0.4ms)[0m  [1m[32mINSERT INTO "questions" ("body", "poll_id", "created_at", "updated_at") VALUES ($1, $2, $3, $4) RETURNING "id"[0m  [["body", "What's your favorite SQL injection?"], ["poll_id", 8], ["created_at", "2018-09-07 00:19:43.704883"], ["updated_at", "2018-09-07 00:19:43.704883"]]
  [1m[36mPoll Load (0.3ms)[0m  [1m[34mSELECT  "polls".* FROM "polls" WHERE "polls"."id" = $1 LIMIT $2[0m  [["id", 8], ["LIMIT", 1]]
  [1m[35mSQL (0.4ms)[0m  [1m[32mINSERT INTO "questions" ("body", "poll_id", "created_at", "updated_at") VALUES ($1, $2, $3, $4) RETURNING "id"[0m  [["body", "Why was I banned from a/A Answers?"], ["poll_id", 8], ["created_at", "2018-09-07 00:19:43.708269"], ["updated_at", "2018-09-07 00:19:43.708269"]]
  [1m[36mPoll Load (0.2ms)[0m  [1m[34mSELECT  "polls".* FROM "polls" WHERE "polls"."id" = $1 LIMIT $2[0m  [["id", 8], ["LIMIT", 1]]
  [1m[35mSQL (0.4ms)[0m  [1m[32mINSERT INTO "questions" ("body", "poll_id", "created_at", "updated_at") VALUES ($1, $2, $3, $4) RETURNING "id"[0m  [["body", "[USER WAS BANNED FOR THIS POLL]"], ["poll_id", 8], ["created_at", "2018-09-07 00:19:43.711008"], ["updated_at", "2018-09-07 00:19:43.711008"]]
  [1m[36mPoll Load (0.2ms)[0m  [1m[34mSELECT  "polls".* FROM "polls" WHERE "polls"."id" = $1 LIMIT $2[0m  [["id", 9], ["LIMIT", 1]]
  [1m[35mSQL (0.4ms)[0m  [1m[32mINSERT INTO "questions" ("body", "poll_id", "created_at", "updated_at") VALUES ($1, $2, $3, $4) RETURNING "id"[0m  [["body", "How was my lecture?"], ["poll_id", 9], ["created_at", "2018-09-07 00:19:43.714207"], ["updated_at", "2018-09-07 00:19:43.714207"]]
  [1m[36mPoll Load (0.3ms)[0m  [1m[34mSELECT  "polls".* FROM "polls" WHERE "polls"."id" = $1 LIMIT $2[0m  [["id", 9], ["LIMIT", 1]]
  [1m[35mSQL (0.5ms)[0m  [1m[32mINSERT INTO "questions" ("body", "poll_id", "created_at", "updated_at") VALUES ($1, $2, $3, $4) RETURNING "id"[0m  [["body", "How was your day today?"], ["poll_id", 9], ["created_at", "2018-09-07 00:19:43.718025"], ["updated_at", "2018-09-07 00:19:43.718025"]]
  [1m[36mPoll Load (0.3ms)[0m  [1m[34mSELECT  "polls".* FROM "polls" WHERE "polls"."id" = $1 LIMIT $2[0m  [["id", 10], ["LIMIT", 1]]
  [1m[35mSQL (0.5ms)[0m  [1m[32mINSERT INTO "questions" ("body", "poll_id", "created_at", "updated_at") VALUES ($1, $2, $3, $4) RETURNING "id"[0m  [["body", "My grandkids keep talking about 'Googling themselves', should I be concerned?"], ["poll_id", 10], ["created_at", "2018-09-07 00:19:43.721223"], ["updated_at", "2018-09-07 00:19:43.721223"]]
  [1m[36mPoll Load (0.2ms)[0m  [1m[34mSELECT  "polls".* FROM "polls" WHERE "polls"."id" = $1 LIMIT $2[0m  [["id", 10], ["LIMIT", 1]]
  [1m[35mSQL (0.4ms)[0m  [1m[32mINSERT INTO "questions" ("body", "poll_id", "created_at", "updated_at") VALUES ($1, $2, $3, $4) RETURNING "id"[0m  [["body", "Knitting or shuffleboard?"], ["poll_id", 10], ["created_at", "2018-09-07 00:19:43.724153"], ["updated_at", "2018-09-07 00:19:43.724153"]]
  [1m[35m (0.3ms)[0m  [1m[31mROLLBACK[0m
  [1m[35m (1.1ms)[0m  [1m[34mSELECT "schema_migrations"."version" FROM "schema_migrations" ORDER BY "schema_migrations"."version" ASC[0m
  [1m[35m (0.3ms)[0m  [1m[35mBEGIN[0m
  [1m[35m (0.6ms)[0m  [1m[34mSELECT "users"."id" FROM "users"[0m
  [1m[36mUser Load (0.4ms)[0m  [1m[34mSELECT  "users".* FROM "users" WHERE "users"."id" = $1 LIMIT $2[0m  [["id", 1], ["LIMIT", 1]]
  [1m[35mSQL (1.0ms)[0m  [1m[32mINSERT INTO "polls" ("title", "user_id", "created_at", "updated_at") VALUES ($1, $2, $3, $4) RETURNING "id"[0m  [["title", "Confessions from Bikini Bottom"], ["user_id", 1], ["created_at", "2018-09-07 00:20:28.109411"], ["updated_at", "2018-09-07 00:20:28.109411"]]
  [1m[36mUser Load (0.4ms)[0m  [1m[34mSELECT  "users".* FROM "users" WHERE "users"."id" = $1 LIMIT $2[0m  [["id", 2], ["LIMIT", 1]]
  [1m[35mSQL (0.4ms)[0m  [1m[32mINSERT INTO "polls" ("title", "user_id", "created_at", "updated_at") VALUES ($1, $2, $3, $4) RETURNING "id"[0m  [["title", "This is not_a_title"], ["user_id", 2], ["created_at", "2018-09-07 00:20:28.113453"], ["updated_at", "2018-09-07 00:20:28.113453"]]
  [1m[36mUser Load (0.4ms)[0m  [1m[34mSELECT  "users".* FROM "users" WHERE "users"."id" = $1 LIMIT $2[0m  [["id", 3], ["LIMIT", 1]]
  [1m[35mSQL (0.5ms)[0m  [1m[32mINSERT INTO "polls" ("title", "user_id", "created_at", "updated_at") VALUES ($1, $2, $3, $4) RETURNING "id"[0m  [["title", "SQL fun :)"], ["user_id", 3], ["created_at", "2018-09-07 00:20:28.115790"], ["updated_at", "2018-09-07 00:20:28.115790"]]
  [1m[36mUser Load (0.4ms)[0m  [1m[34mSELECT  "users".* FROM "users" WHERE "users"."id" = $1 LIMIT $2[0m  [["id", 4], ["LIMIT", 1]]
  [1m[35mSQL (0.4ms)[0m  [1m[32mINSERT INTO "polls" ("title", "user_id", "created_at", "updated_at") VALUES ($1, $2, $3, $4) RETURNING "id"[0m  [["title", "Progress Report"], ["user_id", 4], ["created_at", "2018-09-07 00:20:28.118449"], ["updated_at", "2018-09-07 00:20:28.118449"]]
  [1m[36mUser Load (0.3ms)[0m  [1m[34mSELECT  "users".* FROM "users" WHERE "users"."id" = $1 LIMIT $2[0m  [["id", 5], ["LIMIT", 1]]
  [1m[35mSQL (0.4ms)[0m  [1m[32mINSERT INTO "polls" ("title", "user_id", "created_at", "updated_at") VALUES ($1, $2, $3, $4) RETURNING "id"[0m  [["title", "How do I get this thing to work?"], ["user_id", 5], ["created_at", "2018-09-07 00:20:28.120889"], ["updated_at", "2018-09-07 00:20:28.120889"]]
  [1m[36mPoll Load (0.5ms)[0m  [1m[34mSELECT  "polls".* FROM "polls" WHERE "polls"."id" = $1 LIMIT $2[0m  [["id", 11], ["LIMIT", 1]]
  [1m[35mSQL (0.7ms)[0m  [1m[32mINSERT INTO "questions" ("body", "poll_id", "created_at", "updated_at") VALUES ($1, $2, $3, $4) RETURNING "id"[0m  [["body", "Are Krabby patties the best?"], ["poll_id", 11], ["created_at", "2018-09-07 00:20:28.144960"], ["updated_at", "2018-09-07 00:20:28.144960"]]
  [1m[36mPoll Load (0.6ms)[0m  [1m[34mSELECT  "polls".* FROM "polls" WHERE "polls"."id" = $1 LIMIT $2[0m  [["id", 11], ["LIMIT", 1]]
  [1m[35mSQL (0.5ms)[0m  [1m[32mINSERT INTO "questions" ("body", "poll_id", "created_at", "updated_at") VALUES ($1, $2, $3, $4) RETURNING "id"[0m  [["body", "Who lives in a pineapple under the sea?"], ["poll_id", 11], ["created_at", "2018-09-07 00:20:28.148880"], ["updated_at", "2018-09-07 00:20:28.148880"]]
  [1m[36mPoll Load (0.4ms)[0m  [1m[34mSELECT  "polls".* FROM "polls" WHERE "polls"."id" = $1 LIMIT $2[0m  [["id", 12], ["LIMIT", 1]]
  [1m[35mSQL (0.5ms)[0m  [1m[32mINSERT INTO "questions" ("body", "poll_id", "created_at", "updated_at") VALUES ($1, $2, $3, $4) RETURNING "id"[0m  [["body", "Is this not_a_poll?"], ["poll_id", 12], ["created_at", "2018-09-07 00:20:28.152508"], ["updated_at", "2018-09-07 00:20:28.152508"]]
  [1m[36mPoll Load (0.4ms)[0m  [1m[34mSELECT  "polls".* FROM "polls" WHERE "polls"."id" = $1 LIMIT $2[0m  [["id", 13], ["LIMIT", 1]]
  [1m[35mSQL (0.5ms)[0m  [1m[32mINSERT INTO "questions" ("body", "poll_id", "created_at", "updated_at") VALUES ($1, $2, $3, $4) RETURNING "id"[0m  [["body", "What does DROP TABLES; do in Ruby?"], ["poll_id", 13], ["created_at", "2018-09-07 00:20:28.156326"], ["updated_at", "2018-09-07 00:20:28.156326"]]
  [1m[36mPoll Load (0.4ms)[0m  [1m[34mSELECT  "polls".* FROM "polls" WHERE "polls"."id" = $1 LIMIT $2[0m  [["id", 13], ["LIMIT", 1]]
  [1m[35mSQL (0.4ms)[0m  [1m[32mINSERT INTO "questions" ("body", "poll_id", "created_at", "updated_at") VALUES ($1, $2, $3, $4) RETURNING "id"[0m  [["body", "What's your favorite SQL injection?"], ["poll_id", 13], ["created_at", "2018-09-07 00:20:28.159794"], ["updated_at", "2018-09-07 00:20:28.159794"]]
  [1m[36mPoll Load (0.4ms)[0m  [1m[34mSELECT  "polls".* FROM "polls" WHERE "polls"."id" = $1 LIMIT $2[0m  [["id", 13], ["LIMIT", 1]]
  [1m[35mSQL (0.6ms)[0m  [1m[32mINSERT INTO "questions" ("body", "poll_id", "created_at", "updated_at") VALUES ($1, $2, $3, $4) RETURNING "id"[0m  [["body", "Why was I banned from a/A Answers?"], ["poll_id", 13], ["created_at", "2018-09-07 00:20:28.163338"], ["updated_at", "2018-09-07 00:20:28.163338"]]
  [1m[36mPoll Load (0.3ms)[0m  [1m[34mSELECT  "polls".* FROM "polls" WHERE "polls"."id" = $1 LIMIT $2[0m  [["id", 13], ["LIMIT", 1]]
  [1m[35mSQL (0.4ms)[0m  [1m[32mINSERT INTO "questions" ("body", "poll_id", "created_at", "updated_at") VALUES ($1, $2, $3, $4) RETURNING "id"[0m  [["body", "[USER WAS BANNED FOR THIS POLL]"], ["poll_id", 13], ["created_at", "2018-09-07 00:20:28.167040"], ["updated_at", "2018-09-07 00:20:28.167040"]]
  [1m[36mPoll Load (0.3ms)[0m  [1m[34mSELECT  "polls".* FROM "polls" WHERE "polls"."id" = $1 LIMIT $2[0m  [["id", 14], ["LIMIT", 1]]
  [1m[35mSQL (0.4ms)[0m  [1m[32mINSERT INTO "questions" ("body", "poll_id", "created_at", "updated_at") VALUES ($1, $2, $3, $4) RETURNING "id"[0m  [["body", "How was my lecture?"], ["poll_id", 14], ["created_at", "2018-09-07 00:20:28.169963"], ["updated_at", "2018-09-07 00:20:28.169963"]]
  [1m[36mPoll Load (0.4ms)[0m  [1m[34mSELECT  "polls".* FROM "polls" WHERE "polls"."id" = $1 LIMIT $2[0m  [["id", 14], ["LIMIT", 1]]
  [1m[35mSQL (0.4ms)[0m  [1m[32mINSERT INTO "questions" ("body", "poll_id", "created_at", "updated_at") VALUES ($1, $2, $3, $4) RETURNING "id"[0m  [["body", "How was your day today?"], ["poll_id", 14], ["created_at", "2018-09-07 00:20:28.174169"], ["updated_at", "2018-09-07 00:20:28.174169"]]
  [1m[36mPoll Load (0.2ms)[0m  [1m[34mSELECT  "polls".* FROM "polls" WHERE "polls"."id" = $1 LIMIT $2[0m  [["id", 15], ["LIMIT", 1]]
  [1m[35mSQL (0.4ms)[0m  [1m[32mINSERT INTO "questions" ("body", "poll_id", "created_at", "updated_at") VALUES ($1, $2, $3, $4) RETURNING "id"[0m  [["body", "My grandkids keep talking about 'Googling themselves', should I be concerned?"], ["poll_id", 15], ["created_at", "2018-09-07 00:20:28.177015"], ["updated_at", "2018-09-07 00:20:28.177015"]]
  [1m[36mPoll Load (0.2ms)[0m  [1m[34mSELECT  "polls".* FROM "polls" WHERE "polls"."id" = $1 LIMIT $2[0m  [["id", 15], ["LIMIT", 1]]
  [1m[35mSQL (0.6ms)[0m  [1m[32mINSERT INTO "questions" ("body", "poll_id", "created_at", "updated_at") VALUES ($1, $2, $3, $4) RETURNING "id"[0m  [["body", "Knitting or shuffleboard?"], ["poll_id", 15], ["created_at", "2018-09-07 00:20:28.180361"], ["updated_at", "2018-09-07 00:20:28.180361"]]
  [1m[36mQuestion Load (0.8ms)[0m  [1m[34mSELECT  "questions".* FROM "questions" WHERE "questions"."id" = $1 LIMIT $2[0m  [["id", 12], ["LIMIT", 1]]
  [1m[35mSQL (14.4ms)[0m  [1m[32mINSERT INTO "answer_choices" ("body", "question_id", "created_at", "updated_at") VALUES ($1, $2, $3, $4) RETURNING "id"[0m  [["body", "yes"], ["question_id", 12], ["created_at", "2018-09-07 00:20:28.203320"], ["updated_at", "2018-09-07 00:20:28.203320"]]
  [1m[36mQuestion Load (0.5ms)[0m  [1m[34mSELECT  "questions".* FROM "questions" WHERE "questions"."id" = $1 LIMIT $2[0m  [["id", 12], ["LIMIT", 1]]
  [1m[35mSQL (0.5ms)[0m  [1m[32mINSERT INTO "answer_choices" ("body", "question_id", "created_at", "updated_at") VALUES ($1, $2, $3, $4) RETURNING "id"[0m  [["body", "no"], ["question_id", 12], ["created_at", "2018-09-07 00:20:28.222154"], ["updated_at", "2018-09-07 00:20:28.222154"]]
  [1m[36mQuestion Load (0.4ms)[0m  [1m[34mSELECT  "questions".* FROM "questions" WHERE "questions"."id" = $1 LIMIT $2[0m  [["id", 13], ["LIMIT", 1]]
  [1m[35mSQL (0.4ms)[0m  [1m[32mINSERT INTO "answer_choices" ("body", "question_id", "created_at", "updated_at") VALUES ($1, $2, $3, $4) RETURNING "id"[0m  [["body", "Spongebob"], ["question_id", 13], ["created_at", "2018-09-07 00:20:28.226542"], ["updated_at", "2018-09-07 00:20:28.226542"]]
  [1m[36mQuestion Load (0.4ms)[0m  [1m[34mSELECT  "questions".* FROM "questions" WHERE "questions"."id" = $1 LIMIT $2[0m  [["id", 13], ["LIMIT", 1]]
  [1m[35mSQL (0.4ms)[0m  [1m[32mINSERT INTO "answer_choices" ("body", "question_id", "created_at", "updated_at") VALUES ($1, $2, $3, $4) RETURNING "id"[0m  [["body", "Patrick"], ["question_id", 13], ["created_at", "2018-09-07 00:20:28.229403"], ["updated_at", "2018-09-07 00:20:28.229403"]]
  [1m[36mQuestion Load (0.3ms)[0m  [1m[34mSELECT  "questions".* FROM "questions" WHERE "questions"."id" = $1 LIMIT $2[0m  [["id", 13], ["LIMIT", 1]]
  [1m[35mSQL (0.4ms)[0m  [1m[32mINSERT INTO "answer_choices" ("body", "question_id", "created_at", "updated_at") VALUES ($1, $2, $3, $4) RETURNING "id"[0m  [["body", "Squidward"], ["question_id", 13], ["created_at", "2018-09-07 00:20:28.232352"], ["updated_at", "2018-09-07 00:20:28.232352"]]
  [1m[36mQuestion Load (0.3ms)[0m  [1m[34mSELECT  "questions".* FROM "questions" WHERE "questions"."id" = $1 LIMIT $2[0m  [["id", 13], ["LIMIT", 1]]
  [1m[35mSQL (0.4ms)[0m  [1m[32mINSERT INTO "answer_choices" ("body", "question_id", "created_at", "updated_at") VALUES ($1, $2, $3, $4) RETURNING "id"[0m  [["body", "Mr. Krabs"], ["question_id", 13], ["created_at", "2018-09-07 00:20:28.235702"], ["updated_at", "2018-09-07 00:20:28.235702"]]
  [1m[36mQuestion Load (0.3ms)[0m  [1m[34mSELECT  "questions".* FROM "questions" WHERE "questions"."id" = $1 LIMIT $2[0m  [["id", 14], ["LIMIT", 1]]
  [1m[35mSQL (0.4ms)[0m  [1m[32mINSERT INTO "answer_choices" ("body", "question_id", "created_at", "updated_at") VALUES ($1, $2, $3, $4) RETURNING "id"[0m  [["body", "No_it_is_Not_a_not_poll"], ["question_id", 14], ["created_at", "2018-09-07 00:20:28.238416"], ["updated_at", "2018-09-07 00:20:28.238416"]]
  [1m[36mQuestion Load (0.3ms)[0m  [1m[34mSELECT  "questions".* FROM "questions" WHERE "questions"."id" = $1 LIMIT $2[0m  [["id", 15], ["LIMIT", 1]]
  [1m[35mSQL (0.5ms)[0m  [1m[32mINSERT INTO "answer_choices" ("body", "question_id", "created_at", "updated_at") VALUES ($1, $2, $3, $4) RETURNING "id"[0m  [["body", "DROPPPPPPED"], ["question_id", 15], ["created_at", "2018-09-07 00:20:28.241144"], ["updated_at", "2018-09-07 00:20:28.241144"]]
  [1m[36mQuestion Load (0.2ms)[0m  [1m[34mSELECT  "questions".* FROM "questions" WHERE "questions"."id" = $1 LIMIT $2[0m  [["id", 15], ["LIMIT", 1]]
  [1m[35mSQL (0.4ms)[0m  [1m[32mINSERT INTO "answer_choices" ("body", "question_id", "created_at", "updated_at") VALUES ($1, $2, $3, $4) RETURNING "id"[0m  [["body", "/$user rm -rf /"], ["question_id", 15], ["created_at", "2018-09-07 00:20:28.243919"], ["updated_at", "2018-09-07 00:20:28.243919"]]
  [1m[36mQuestion Load (0.2ms)[0m  [1m[34mSELECT  "questions".* FROM "questions" WHERE "questions"."id" = $1 LIMIT $2[0m  [["id", 15], ["LIMIT", 1]]
  [1m[35mSQL (0.4ms)[0m  [1m[32mINSERT INTO "answer_choices" ("body", "question_id", "created_at", "updated_at") VALUES ($1, $2, $3, $4) RETURNING "id"[0m  [["body", "_"], ["question_id", 15], ["created_at", "2018-09-07 00:20:28.247145"], ["updated_at", "2018-09-07 00:20:28.247145"]]
  [1m[36mQuestion Load (0.2ms)[0m  [1m[34mSELECT  "questions".* FROM "questions" WHERE "questions"."id" = $1 LIMIT $2[0m  [["id", 16], ["LIMIT", 1]]
  [1m[35mSQL (0.4ms)[0m  [1m[32mINSERT INTO "answer_choices" ("body", "question_id", "created_at", "updated_at") VALUES ($1, $2, $3, $4) RETURNING "id"[0m  [["body", "DROP TABLES;"], ["question_id", 16], ["created_at", "2018-09-07 00:20:28.250460"], ["updated_at", "2018-09-07 00:20:28.250460"]]
  [1m[36mQuestion Load (0.3ms)[0m  [1m[34mSELECT  "questions".* FROM "questions" WHERE "questions"."id" = $1 LIMIT $2[0m  [["id", 16], ["LIMIT", 1]]
  [1m[35mSQL (0.4ms)[0m  [1m[32mINSERT INTO "answer_choices" ("body", "question_id", "created_at", "updated_at") VALUES ($1, $2, $3, $4) RETURNING "id"[0m  [["body", "SELECT users.passwords;"], ["question_id", 16], ["created_at", "2018-09-07 00:20:28.253427"], ["updated_at", "2018-09-07 00:20:28.253427"]]
  [1m[36mQuestion Load (0.2ms)[0m  [1m[34mSELECT  "questions".* FROM "questions" WHERE "questions"."id" = $1 LIMIT $2[0m  [["id", 16], ["LIMIT", 1]]
  [1m[35mSQL (0.4ms)[0m  [1m[32mINSERT INTO "answer_choices" ("body", "question_id", "created_at", "updated_at") VALUES ($1, $2, $3, $4) RETURNING "id"[0m  [["body", "JOIN users.id ON administrators.id"], ["question_id", 16], ["created_at", "2018-09-07 00:20:28.256037"], ["updated_at", "2018-09-07 00:20:28.256037"]]
  [1m[36mQuestion Load (0.4ms)[0m  [1m[34mSELECT  "questions".* FROM "questions" WHERE "questions"."id" = $1 LIMIT $2[0m  [["id", 17], ["LIMIT", 1]]
  [1m[35mSQL (0.5ms)[0m  [1m[32mINSERT INTO "answer_choices" ("body", "question_id", "created_at", "updated_at") VALUES ($1, $2, $3, $4) RETURNING "id"[0m  [["body", "trollface.jpg"], ["question_id", 17], ["created_at", "2018-09-07 00:20:28.260475"], ["updated_at", "2018-09-07 00:20:28.260475"]]
  [1m[36mQuestion Load (0.3ms)[0m  [1m[34mSELECT  "questions".* FROM "questions" WHERE "questions"."id" = $1 LIMIT $2[0m  [["id", 18], ["LIMIT", 1]]
  [1m[35mSQL (0.6ms)[0m  [1m[32mINSERT INTO "answer_choices" ("body", "question_id", "created_at", "updated_at") VALUES ($1, $2, $3, $4) RETURNING "id"[0m  [["body", "[CONTENT REMOVED]"], ["question_id", 18], ["created_at", "2018-09-07 00:20:28.271948"], ["updated_at", "2018-09-07 00:20:28.271948"]]
  [1m[36mQuestion Load (0.2ms)[0m  [1m[34mSELECT  "questions".* FROM "questions" WHERE "questions"."id" = $1 LIMIT $2[0m  [["id", 18], ["LIMIT", 1]]
  [1m[35mSQL (0.4ms)[0m  [1m[32mINSERT INTO "answer_choices" ("body", "question_id", "created_at", "updated_at") VALUES ($1, $2, $3, $4) RETURNING "id"[0m  [["body", "[CONTENT REMOVED]"], ["question_id", 18], ["created_at", "2018-09-07 00:20:28.274455"], ["updated_at", "2018-09-07 00:20:28.274455"]]
  [1m[36mQuestion Load (0.2ms)[0m  [1m[34mSELECT  "questions".* FROM "questions" WHERE "questions"."id" = $1 LIMIT $2[0m  [["id", 18], ["LIMIT", 1]]
  [1m[35mSQL (0.4ms)[0m  [1m[32mINSERT INTO "answer_choices" ("body", "question_id", "created_at", "updated_at") VALUES ($1, $2, $3, $4) RETURNING "id"[0m  [["body", "[CONTENT REMOVED]"], ["question_id", 18], ["created_at", "2018-09-07 00:20:28.276540"], ["updated_at", "2018-09-07 00:20:28.276540"]]
  [1m[36mQuestion Load (0.2ms)[0m  [1m[34mSELECT  "questions".* FROM "questions" WHERE "questions"."id" = $1 LIMIT $2[0m  [["id", 19], ["LIMIT", 1]]
  [1m[35mSQL (0.4ms)[0m  [1m[32mINSERT INTO "answer_choices" ("body", "question_id", "created_at", "updated_at") VALUES ($1, $2, $3, $4) RETURNING "id"[0m  [["body", "Great :)"], ["question_id", 19], ["created_at", "2018-09-07 00:20:28.278591"], ["updated_at", "2018-09-07 00:20:28.278591"]]
  [1m[36mQuestion Load (0.2ms)[0m  [1m[34mSELECT  "questions".* FROM "questions" WHERE "questions"."id" = $1 LIMIT $2[0m  [["id", 19], ["LIMIT", 1]]
  [1m[35mSQL (0.4ms)[0m  [1m[32mINSERT INTO "answer_choices" ("body", "question_id", "created_at", "updated_at") VALUES ($1, $2, $3, $4) RETURNING "id"[0m  [["body", "OKAY -_-"], ["question_id", 19], ["created_at", "2018-09-07 00:20:28.280625"], ["updated_at", "2018-09-07 00:20:28.280625"]]
  [1m[36mQuestion Load (0.2ms)[0m  [1m[34mSELECT  "questions".* FROM "questions" WHERE "questions"."id" = $1 LIMIT $2[0m  [["id", 19], ["LIMIT", 1]]
  [1m[35mSQL (0.4ms)[0m  [1m[32mINSERT INTO "answer_choices" ("body", "question_id", "created_at", "updated_at") VALUES ($1, $2, $3, $4) RETURNING "id"[0m  [["body", "AWFUL :'("], ["question_id", 19], ["created_at", "2018-09-07 00:20:28.282702"], ["updated_at", "2018-09-07 00:20:28.282702"]]
  [1m[36mQuestion Load (0.2ms)[0m  [1m[34mSELECT  "questions".* FROM "questions" WHERE "questions"."id" = $1 LIMIT $2[0m  [["id", 20], ["LIMIT", 1]]
  [1m[35mSQL (0.4ms)[0m  [1m[32mINSERT INTO "answer_choices" ("body", "question_id", "created_at", "updated_at") VALUES ($1, $2, $3, $4) RETURNING "id"[0m  [["body", "Great :)"], ["question_id", 20], ["created_at", "2018-09-07 00:20:28.284761"], ["updated_at", "2018-09-07 00:20:28.284761"]]
  [1m[36mQuestion Load (0.2ms)[0m  [1m[34mSELECT  "questions".* FROM "questions" WHERE "questions"."id" = $1 LIMIT $2[0m  [["id", 20], ["LIMIT", 1]]
  [1m[35mSQL (0.4ms)[0m  [1m[32mINSERT INTO "answer_choices" ("body", "question_id", "created_at", "updated_at") VALUES ($1, $2, $3, $4) RETURNING "id"[0m  [["body", "OKAY -_-"], ["question_id", 20], ["created_at", "2018-09-07 00:20:28.286835"], ["updated_at", "2018-09-07 00:20:28.286835"]]
  [1m[36mQuestion Load (0.2ms)[0m  [1m[34mSELECT  "questions".* FROM "questions" WHERE "questions"."id" = $1 LIMIT $2[0m  [["id", 20], ["LIMIT", 1]]
  [1m[35mSQL (0.4ms)[0m  [1m[32mINSERT INTO "answer_choices" ("body", "question_id", "created_at", "updated_at") VALUES ($1, $2, $3, $4) RETURNING "id"[0m  [["body", "AWFUL :'("], ["question_id", 20], ["created_at", "2018-09-07 00:20:28.288864"], ["updated_at", "2018-09-07 00:20:28.288864"]]
  [1m[36mQuestion Load (0.2ms)[0m  [1m[34mSELECT  "questions".* FROM "questions" WHERE "questions"."id" = $1 LIMIT $2[0m  [["id", 21], ["LIMIT", 1]]
  [1m[35mSQL (0.4ms)[0m  [1m[32mINSERT INTO "answer_choices" ("body", "question_id", "created_at", "updated_at") VALUES ($1, $2, $3, $4) RETURNING "id"[0m  [["body", "YES or NO"], ["question_id", 21], ["created_at", "2018-09-07 00:20:28.290884"], ["updated_at", "2018-09-07 00:20:28.290884"]]
  [1m[36mQuestion Load (0.2ms)[0m  [1m[34mSELECT  "questions".* FROM "questions" WHERE "questions"."id" = $1 LIMIT $2[0m  [["id", 22], ["LIMIT", 1]]
  [1m[35mSQL (0.4ms)[0m  [1m[32mINSERT INTO "answer_choices" ("body", "question_id", "created_at", "updated_at") VALUES ($1, $2, $3, $4) RETURNING "id"[0m  [["body", "Knitting?"], ["question_id", 22], ["created_at", "2018-09-07 00:20:28.292848"], ["updated_at", "2018-09-07 00:20:28.292848"]]
  [1m[36mQuestion Load (0.2ms)[0m  [1m[34mSELECT  "questions".* FROM "questions" WHERE "questions"."id" = $1 LIMIT $2[0m  [["id", 22], ["LIMIT", 1]]
  [1m[35mSQL (0.4ms)[0m  [1m[32mINSERT INTO "answer_choices" ("body", "question_id", "created_at", "updated_at") VALUES ($1, $2, $3, $4) RETURNING "id"[0m  [["body", "shuffleboard!"], ["question_id", 22], ["created_at", "2018-09-07 00:20:28.295100"], ["updated_at", "2018-09-07 00:20:28.295100"]]
  [1m[35m (0.3ms)[0m  [1m[31mROLLBACK[0m
  [1m[35m (1.4ms)[0m  [1m[34mSELECT "schema_migrations"."version" FROM "schema_migrations" ORDER BY "schema_migrations"."version" ASC[0m
  [1m[35m (0.3ms)[0m  [1m[35mBEGIN[0m
  [1m[35m (0.6ms)[0m  [1m[34mSELECT "users"."id" FROM "users"[0m
  [1m[36mUser Load (0.4ms)[0m  [1m[34mSELECT  "users".* FROM "users" WHERE "users"."id" = $1 LIMIT $2[0m  [["id", 1], ["LIMIT", 1]]
  [1m[35mSQL (1.0ms)[0m  [1m[32mINSERT INTO "polls" ("title", "user_id", "created_at", "updated_at") VALUES ($1, $2, $3, $4) RETURNING "id"[0m  [["title", "Confessions from Bikini Bottom"], ["user_id", 1], ["created_at", "2018-09-07 00:20:57.681260"], ["updated_at", "2018-09-07 00:20:57.681260"]]
  [1m[36mUser Load (0.5ms)[0m  [1m[34mSELECT  "users".* FROM "users" WHERE "users"."id" = $1 LIMIT $2[0m  [["id", 2], ["LIMIT", 1]]
  [1m[35mSQL (0.5ms)[0m  [1m[32mINSERT INTO "polls" ("title", "user_id", "created_at", "updated_at") VALUES ($1, $2, $3, $4) RETURNING "id"[0m  [["title", "This is not_a_title"], ["user_id", 2], ["created_at", "2018-09-07 00:20:57.685503"], ["updated_at", "2018-09-07 00:20:57.685503"]]
  [1m[36mUser Load (0.3ms)[0m  [1m[34mSELECT  "users".* FROM "users" WHERE "users"."id" = $1 LIMIT $2[0m  [["id", 3], ["LIMIT", 1]]
  [1m[35mSQL (0.4ms)[0m  [1m[32mINSERT INTO "polls" ("title", "user_id", "created_at", "updated_at") VALUES ($1, $2, $3, $4) RETURNING "id"[0m  [["title", "SQL fun :)"], ["user_id", 3], ["created_at", "2018-09-07 00:20:57.688237"], ["updated_at", "2018-09-07 00:20:57.688237"]]
  [1m[36mUser Load (0.3ms)[0m  [1m[34mSELECT  "users".* FROM "users" WHERE "users"."id" = $1 LIMIT $2[0m  [["id", 4], ["LIMIT", 1]]
  [1m[35mSQL (0.5ms)[0m  [1m[32mINSERT INTO "polls" ("title", "user_id", "created_at", "updated_at") VALUES ($1, $2, $3, $4) RETURNING "id"[0m  [["title", "Progress Report"], ["user_id", 4], ["created_at", "2018-09-07 00:20:57.690807"], ["updated_at", "2018-09-07 00:20:57.690807"]]
  [1m[36mUser Load (0.3ms)[0m  [1m[34mSELECT  "users".* FROM "users" WHERE "users"."id" = $1 LIMIT $2[0m  [["id", 5], ["LIMIT", 1]]
  [1m[35mSQL (0.4ms)[0m  [1m[32mINSERT INTO "polls" ("title", "user_id", "created_at", "updated_at") VALUES ($1, $2, $3, $4) RETURNING "id"[0m  [["title", "How do I get this thing to work?"], ["user_id", 5], ["created_at", "2018-09-07 00:20:57.693683"], ["updated_at", "2018-09-07 00:20:57.693683"]]
  [1m[36mPoll Load (0.5ms)[0m  [1m[34mSELECT  "polls".* FROM "polls" WHERE "polls"."id" = $1 LIMIT $2[0m  [["id", 16], ["LIMIT", 1]]
  [1m[35mSQL (0.7ms)[0m  [1m[32mINSERT INTO "questions" ("body", "poll_id", "created_at", "updated_at") VALUES ($1, $2, $3, $4) RETURNING "id"[0m  [["body", "Are Krabby patties the best?"], ["poll_id", 16], ["created_at", "2018-09-07 00:20:57.717913"], ["updated_at", "2018-09-07 00:20:57.717913"]]
  [1m[36mPoll Load (0.4ms)[0m  [1m[34mSELECT  "polls".* FROM "polls" WHERE "polls"."id" = $1 LIMIT $2[0m  [["id", 16], ["LIMIT", 1]]
  [1m[35mSQL (0.4ms)[0m  [1m[32mINSERT INTO "questions" ("body", "poll_id", "created_at", "updated_at") VALUES ($1, $2, $3, $4) RETURNING "id"[0m  [["body", "Who lives in a pineapple under the sea?"], ["poll_id", 16], ["created_at", "2018-09-07 00:20:57.721530"], ["updated_at", "2018-09-07 00:20:57.721530"]]
  [1m[36mPoll Load (0.4ms)[0m  [1m[34mSELECT  "polls".* FROM "polls" WHERE "polls"."id" = $1 LIMIT $2[0m  [["id", 17], ["LIMIT", 1]]
  [1m[35mSQL (0.6ms)[0m  [1m[32mINSERT INTO "questions" ("body", "poll_id", "created_at", "updated_at") VALUES ($1, $2, $3, $4) RETURNING "id"[0m  [["body", "Is this not_a_poll?"], ["poll_id", 17], ["created_at", "2018-09-07 00:20:57.724240"], ["updated_at", "2018-09-07 00:20:57.724240"]]
  [1m[36mPoll Load (0.4ms)[0m  [1m[34mSELECT  "polls".* FROM "polls" WHERE "polls"."id" = $1 LIMIT $2[0m  [["id", 18], ["LIMIT", 1]]
  [1m[35mSQL (0.4ms)[0m  [1m[32mINSERT INTO "questions" ("body", "poll_id", "created_at", "updated_at") VALUES ($1, $2, $3, $4) RETURNING "id"[0m  [["body", "What does DROP TABLES; do in Ruby?"], ["poll_id", 18], ["created_at", "2018-09-07 00:20:57.727774"], ["updated_at", "2018-09-07 00:20:57.727774"]]
  [1m[36mPoll Load (0.4ms)[0m  [1m[34mSELECT  "polls".* FROM "polls" WHERE "polls"."id" = $1 LIMIT $2[0m  [["id", 18], ["LIMIT", 1]]
  [1m[35mSQL (0.4ms)[0m  [1m[32mINSERT INTO "questions" ("body", "poll_id", "created_at", "updated_at") VALUES ($1, $2, $3, $4) RETURNING "id"[0m  [["body", "What's your favorite SQL injection?"], ["poll_id", 18], ["created_at", "2018-09-07 00:20:57.730566"], ["updated_at", "2018-09-07 00:20:57.730566"]]
  [1m[36mPoll Load (0.5ms)[0m  [1m[34mSELECT  "polls".* FROM "polls" WHERE "polls"."id" = $1 LIMIT $2[0m  [["id", 18], ["LIMIT", 1]]
  [1m[35mSQL (0.4ms)[0m  [1m[32mINSERT INTO "questions" ("body", "poll_id", "created_at", "updated_at") VALUES ($1, $2, $3, $4) RETURNING "id"[0m  [["body", "Why was I banned from a/A Answers?"], ["poll_id", 18], ["created_at", "2018-09-07 00:20:57.734647"], ["updated_at", "2018-09-07 00:20:57.734647"]]
  [1m[36mPoll Load (0.2ms)[0m  [1m[34mSELECT  "polls".* FROM "polls" WHERE "polls"."id" = $1 LIMIT $2[0m  [["id", 18], ["LIMIT", 1]]
  [1m[35mSQL (0.4ms)[0m  [1m[32mINSERT INTO "questions" ("body", "poll_id", "created_at", "updated_at") VALUES ($1, $2, $3, $4) RETURNING "id"[0m  [["body", "[USER WAS BANNED FOR THIS POLL]"], ["poll_id", 18], ["created_at", "2018-09-07 00:20:57.737569"], ["updated_at", "2018-09-07 00:20:57.737569"]]
  [1m[36mPoll Load (0.2ms)[0m  [1m[34mSELECT  "polls".* FROM "polls" WHERE "polls"."id" = $1 LIMIT $2[0m  [["id", 19], ["LIMIT", 1]]
  [1m[35mSQL (0.4ms)[0m  [1m[32mINSERT INTO "questions" ("body", "poll_id", "created_at", "updated_at") VALUES ($1, $2, $3, $4) RETURNING "id"[0m  [["body", "How was my lecture?"], ["poll_id", 19], ["created_at", "2018-09-07 00:20:57.740917"], ["updated_at", "2018-09-07 00:20:57.740917"]]
  [1m[36mPoll Load (0.2ms)[0m  [1m[34mSELECT  "polls".* FROM "polls" WHERE "polls"."id" = $1 LIMIT $2[0m  [["id", 19], ["LIMIT", 1]]
  [1m[35mSQL (0.4ms)[0m  [1m[32mINSERT INTO "questions" ("body", "poll_id", "created_at", "updated_at") VALUES ($1, $2, $3, $4) RETURNING "id"[0m  [["body", "How was your day today?"], ["poll_id", 19], ["created_at", "2018-09-07 00:20:57.743649"], ["updated_at", "2018-09-07 00:20:57.743649"]]
  [1m[36mPoll Load (0.2ms)[0m  [1m[34mSELECT  "polls".* FROM "polls" WHERE "polls"."id" = $1 LIMIT $2[0m  [["id", 20], ["LIMIT", 1]]
  [1m[35mSQL (0.4ms)[0m  [1m[32mINSERT INTO "questions" ("body", "poll_id", "created_at", "updated_at") VALUES ($1, $2, $3, $4) RETURNING "id"[0m  [["body", "My grandkids keep talking about 'Googling themselves', should I be concerned?"], ["poll_id", 20], ["created_at", "2018-09-07 00:20:57.746849"], ["updated_at", "2018-09-07 00:20:57.746849"]]
  [1m[36mPoll Load (0.2ms)[0m  [1m[34mSELECT  "polls".* FROM "polls" WHERE "polls"."id" = $1 LIMIT $2[0m  [["id", 20], ["LIMIT", 1]]
  [1m[35mSQL (0.4ms)[0m  [1m[32mINSERT INTO "questions" ("body", "poll_id", "created_at", "updated_at") VALUES ($1, $2, $3, $4) RETURNING "id"[0m  [["body", "Knitting or shuffleboard?"], ["poll_id", 20], ["created_at", "2018-09-07 00:20:57.749522"], ["updated_at", "2018-09-07 00:20:57.749522"]]
  [1m[36mQuestion Load (0.5ms)[0m  [1m[34mSELECT  "questions".* FROM "questions" WHERE "questions"."id" = $1 LIMIT $2[0m  [["id", 23], ["LIMIT", 1]]
  [1m[35mSQL (0.9ms)[0m  [1m[32mINSERT INTO "answer_choices" ("body", "question_id", "created_at", "updated_at") VALUES ($1, $2, $3, $4) RETURNING "id"[0m  [["body", "yes"], ["question_id", 23], ["created_at", "2018-09-07 00:20:57.772809"], ["updated_at", "2018-09-07 00:20:57.772809"]]
  [1m[36mQuestion Load (0.4ms)[0m  [1m[34mSELECT  "questions".* FROM "questions" WHERE "questions"."id" = $1 LIMIT $2[0m  [["id", 23], ["LIMIT", 1]]
  [1m[35mSQL (0.5ms)[0m  [1m[32mINSERT INTO "answer_choices" ("body", "question_id", "created_at", "updated_at") VALUES ($1, $2, $3, $4) RETURNING "id"[0m  [["body", "no"], ["question_id", 23], ["created_at", "2018-09-07 00:20:57.777213"], ["updated_at", "2018-09-07 00:20:57.777213"]]
  [1m[36mQuestion Load (0.3ms)[0m  [1m[34mSELECT  "questions".* FROM "questions" WHERE "questions"."id" = $1 LIMIT $2[0m  [["id", 24], ["LIMIT", 1]]
  [1m[35mSQL (0.4ms)[0m  [1m[32mINSERT INTO "answer_choices" ("body", "question_id", "created_at", "updated_at") VALUES ($1, $2, $3, $4) RETURNING "id"[0m  [["body", "Spongebob"], ["question_id", 24], ["created_at", "2018-09-07 00:20:57.781057"], ["updated_at", "2018-09-07 00:20:57.781057"]]
  [1m[36mQuestion Load (0.4ms)[0m  [1m[34mSELECT  "questions".* FROM "questions" WHERE "questions"."id" = $1 LIMIT $2[0m  [["id", 24], ["LIMIT", 1]]
  [1m[35mSQL (0.4ms)[0m  [1m[32mINSERT INTO "answer_choices" ("body", "question_id", "created_at", "updated_at") VALUES ($1, $2, $3, $4) RETURNING "id"[0m  [["body", "Patrick"], ["question_id", 24], ["created_at", "2018-09-07 00:20:57.784131"], ["updated_at", "2018-09-07 00:20:57.784131"]]
  [1m[36mQuestion Load (0.3ms)[0m  [1m[34mSELECT  "questions".* FROM "questions" WHERE "questions"."id" = $1 LIMIT $2[0m  [["id", 24], ["LIMIT", 1]]
  [1m[35mSQL (0.4ms)[0m  [1m[32mINSERT INTO "answer_choices" ("body", "question_id", "created_at", "updated_at") VALUES ($1, $2, $3, $4) RETURNING "id"[0m  [["body", "Squidward"], ["question_id", 24], ["created_at", "2018-09-07 00:20:57.787490"], ["updated_at", "2018-09-07 00:20:57.787490"]]
  [1m[36mQuestion Load (0.4ms)[0m  [1m[34mSELECT  "questions".* FROM "questions" WHERE "questions"."id" = $1 LIMIT $2[0m  [["id", 24], ["LIMIT", 1]]
  [1m[35mSQL (0.4ms)[0m  [1m[32mINSERT INTO "answer_choices" ("body", "question_id", "created_at", "updated_at") VALUES ($1, $2, $3, $4) RETURNING "id"[0m  [["body", "Mr. Krabs"], ["question_id", 24], ["created_at", "2018-09-07 00:20:57.790355"], ["updated_at", "2018-09-07 00:20:57.790355"]]
  [1m[36mQuestion Load (0.2ms)[0m  [1m[34mSELECT  "questions".* FROM "questions" WHERE "questions"."id" = $1 LIMIT $2[0m  [["id", 25], ["LIMIT", 1]]
  [1m[35mSQL (0.5ms)[0m  [1m[32mINSERT INTO "answer_choices" ("body", "question_id", "created_at", "updated_at") VALUES ($1, $2, $3, $4) RETURNING "id"[0m  [["body", "No_it_is_Not_a_not_poll"], ["question_id", 25], ["created_at", "2018-09-07 00:20:57.793570"], ["updated_at", "2018-09-07 00:20:57.793570"]]
  [1m[36mQuestion Load (0.3ms)[0m  [1m[34mSELECT  "questions".* FROM "questions" WHERE "questions"."id" = $1 LIMIT $2[0m  [["id", 26], ["LIMIT", 1]]
  [1m[35mSQL (0.4ms)[0m  [1m[32mINSERT INTO "answer_choices" ("body", "question_id", "created_at", "updated_at") VALUES ($1, $2, $3, $4) RETURNING "id"[0m  [["body", "DROPPPPPPED"], ["question_id", 26], ["created_at", "2018-09-07 00:20:57.796800"], ["updated_at", "2018-09-07 00:20:57.796800"]]
  [1m[36mQuestion Load (0.3ms)[0m  [1m[34mSELECT  "questions".* FROM "questions" WHERE "questions"."id" = $1 LIMIT $2[0m  [["id", 26], ["LIMIT", 1]]
  [1m[35mSQL (0.4ms)[0m  [1m[32mINSERT INTO "answer_choices" ("body", "question_id", "created_at", "updated_at") VALUES ($1, $2, $3, $4) RETURNING "id"[0m  [["body", "/$user rm -rf /"], ["question_id", 26], ["created_at", "2018-09-07 00:20:57.799563"], ["updated_at", "2018-09-07 00:20:57.799563"]]
  [1m[36mQuestion Load (0.2ms)[0m  [1m[34mSELECT  "questions".* FROM "questions" WHERE "questions"."id" = $1 LIMIT $2[0m  [["id", 26], ["LIMIT", 1]]
  [1m[35mSQL (0.4ms)[0m  [1m[32mINSERT INTO "answer_choices" ("body", "question_id", "created_at", "updated_at") VALUES ($1, $2, $3, $4) RETURNING "id"[0m  [["body", "_"], ["question_id", 26], ["created_at", "2018-09-07 00:20:57.802798"], ["updated_at", "2018-09-07 00:20:57.802798"]]
  [1m[36mQuestion Load (0.2ms)[0m  [1m[34mSELECT  "questions".* FROM "questions" WHERE "questions"."id" = $1 LIMIT $2[0m  [["id", 27], ["LIMIT", 1]]
  [1m[35mSQL (0.7ms)[0m  [1m[32mINSERT INTO "answer_choices" ("body", "question_id", "created_at", "updated_at") VALUES ($1, $2, $3, $4) RETURNING "id"[0m  [["body", "DROP TABLES;"], ["question_id", 27], ["created_at", "2018-09-07 00:20:57.805492"], ["updated_at", "2018-09-07 00:20:57.805492"]]
  [1m[36mQuestion Load (0.2ms)[0m  [1m[34mSELECT  "questions".* FROM "questions" WHERE "questions"."id" = $1 LIMIT $2[0m  [["id", 27], ["LIMIT", 1]]
  [1m[35mSQL (0.4ms)[0m  [1m[32mINSERT INTO "answer_choices" ("body", "question_id", "created_at", "updated_at") VALUES ($1, $2, $3, $4) RETURNING "id"[0m  [["body", "SELECT users.passwords;"], ["question_id", 27], ["created_at", "2018-09-07 00:20:57.809221"], ["updated_at", "2018-09-07 00:20:57.809221"]]
  [1m[36mQuestion Load (0.3ms)[0m  [1m[34mSELECT  "questions".* FROM "questions" WHERE "questions"."id" = $1 LIMIT $2[0m  [["id", 27], ["LIMIT", 1]]
  [1m[35mSQL (0.4ms)[0m  [1m[32mINSERT INTO "answer_choices" ("body", "question_id", "created_at", "updated_at") VALUES ($1, $2, $3, $4) RETURNING "id"[0m  [["body", "JOIN users.id ON administrators.id"], ["question_id", 27], ["created_at", "2018-09-07 00:20:57.812425"], ["updated_at", "2018-09-07 00:20:57.812425"]]
  [1m[36mQuestion Load (0.2ms)[0m  [1m[34mSELECT  "questions".* FROM "questions" WHERE "questions"."id" = $1 LIMIT $2[0m  [["id", 28], ["LIMIT", 1]]
  [1m[35mSQL (0.4ms)[0m  [1m[32mINSERT INTO "answer_choices" ("body", "question_id", "created_at", "updated_at") VALUES ($1, $2, $3, $4) RETURNING "id"[0m  [["body", "trollface.jpg"], ["question_id", 28], ["created_at", "2018-09-07 00:20:57.815195"], ["updated_at", "2018-09-07 00:20:57.815195"]]
  [1m[36mQuestion Load (0.3ms)[0m  [1m[34mSELECT  "questions".* FROM "questions" WHERE "questions"."id" = $1 LIMIT $2[0m  [["id", 29], ["LIMIT", 1]]
  [1m[35mSQL (0.6ms)[0m  [1m[32mINSERT INTO "answer_choices" ("body", "question_id", "created_at", "updated_at") VALUES ($1, $2, $3, $4) RETURNING "id"[0m  [["body", "[CONTENT REMOVED]"], ["question_id", 29], ["created_at", "2018-09-07 00:20:57.818501"], ["updated_at", "2018-09-07 00:20:57.818501"]]
  [1m[36mQuestion Load (0.2ms)[0m  [1m[34mSELECT  "questions".* FROM "questions" WHERE "questions"."id" = $1 LIMIT $2[0m  [["id", 29], ["LIMIT", 1]]
  [1m[35mSQL (0.4ms)[0m  [1m[32mINSERT INTO "answer_choices" ("body", "question_id", "created_at", "updated_at") VALUES ($1, $2, $3, $4) RETURNING "id"[0m  [["body", "[CONTENT REMOVED]"], ["question_id", 29], ["created_at", "2018-09-07 00:20:57.829032"], ["updated_at", "2018-09-07 00:20:57.829032"]]
  [1m[36mQuestion Load (0.2ms)[0m  [1m[34mSELECT  "questions".* FROM "questions" WHERE "questions"."id" = $1 LIMIT $2[0m  [["id", 29], ["LIMIT", 1]]
  [1m[35mSQL (0.4ms)[0m  [1m[32mINSERT INTO "answer_choices" ("body", "question_id", "created_at", "updated_at") VALUES ($1, $2, $3, $4) RETURNING "id"[0m  [["body", "[CONTENT REMOVED]"], ["question_id", 29], ["created_at", "2018-09-07 00:20:57.831065"], ["updated_at", "2018-09-07 00:20:57.831065"]]
  [1m[36mQuestion Load (0.2ms)[0m  [1m[34mSELECT  "questions".* FROM "questions" WHERE "questions"."id" = $1 LIMIT $2[0m  [["id", 30], ["LIMIT", 1]]
  [1m[35mSQL (0.4ms)[0m  [1m[32mINSERT INTO "answer_choices" ("body", "question_id", "created_at", "updated_at") VALUES ($1, $2, $3, $4) RETURNING "id"[0m  [["body", "Great :)"], ["question_id", 30], ["created_at", "2018-09-07 00:20:57.833119"], ["updated_at", "2018-09-07 00:20:57.833119"]]
  [1m[36mQuestion Load (0.2ms)[0m  [1m[34mSELECT  "questions".* FROM "questions" WHERE "questions"."id" = $1 LIMIT $2[0m  [["id", 30], ["LIMIT", 1]]
  [1m[35mSQL (0.4ms)[0m  [1m[32mINSERT INTO "answer_choices" ("body", "question_id", "created_at", "updated_at") VALUES ($1, $2, $3, $4) RETURNING "id"[0m  [["body", "OKAY -_-"], ["question_id", 30], ["created_at", "2018-09-07 00:20:57.835146"], ["updated_at", "2018-09-07 00:20:57.835146"]]
  [1m[36mQuestion Load (0.2ms)[0m  [1m[34mSELECT  "questions".* FROM "questions" WHERE "questions"."id" = $1 LIMIT $2[0m  [["id", 30], ["LIMIT", 1]]
  [1m[35mSQL (0.4ms)[0m  [1m[32mINSERT INTO "answer_choices" ("body", "question_id", "created_at", "updated_at") VALUES ($1, $2, $3, $4) RETURNING "id"[0m  [["body", "AWFUL :'("], ["question_id", 30], ["created_at", "2018-09-07 00:20:57.837186"], ["updated_at", "2018-09-07 00:20:57.837186"]]
  [1m[36mQuestion Load (0.2ms)[0m  [1m[34mSELECT  "questions".* FROM "questions" WHERE "questions"."id" = $1 LIMIT $2[0m  [["id", 31], ["LIMIT", 1]]
  [1m[35mSQL (0.4ms)[0m  [1m[32mINSERT INTO "answer_choices" ("body", "question_id", "created_at", "updated_at") VALUES ($1, $2, $3, $4) RETURNING "id"[0m  [["body", "Great :)"], ["question_id", 31], ["created_at", "2018-09-07 00:20:57.839226"], ["updated_at", "2018-09-07 00:20:57.839226"]]
  [1m[36mQuestion Load (0.2ms)[0m  [1m[34mSELECT  "questions".* FROM "questions" WHERE "questions"."id" = $1 LIMIT $2[0m  [["id", 31], ["LIMIT", 1]]
  [1m[35mSQL (0.4ms)[0m  [1m[32mINSERT INTO "answer_choices" ("body", "question_id", "created_at", "updated_at") VALUES ($1, $2, $3, $4) RETURNING "id"[0m  [["body", "OKAY -_-"], ["question_id", 31], ["created_at", "2018-09-07 00:20:57.841298"], ["updated_at", "2018-09-07 00:20:57.841298"]]
  [1m[36mQuestion Load (0.2ms)[0m  [1m[34mSELECT  "questions".* FROM "questions" WHERE "questions"."id" = $1 LIMIT $2[0m  [["id", 31], ["LIMIT", 1]]
  [1m[35mSQL (0.4ms)[0m  [1m[32mINSERT INTO "answer_choices" ("body", "question_id", "created_at", "updated_at") VALUES ($1, $2, $3, $4) RETURNING "id"[0m  [["body", "AWFUL :'("], ["question_id", 31], ["created_at", "2018-09-07 00:20:57.843286"], ["updated_at", "2018-09-07 00:20:57.843286"]]
  [1m[36mQuestion Load (0.2ms)[0m  [1m[34mSELECT  "questions".* FROM "questions" WHERE "questions"."id" = $1 LIMIT $2[0m  [["id", 32], ["LIMIT", 1]]
  [1m[35mSQL (0.4ms)[0m  [1m[32mINSERT INTO "answer_choices" ("body", "question_id", "created_at", "updated_at") VALUES ($1, $2, $3, $4) RETURNING "id"[0m  [["body", "YES or NO"], ["question_id", 32], ["created_at", "2018-09-07 00:20:57.845342"], ["updated_at", "2018-09-07 00:20:57.845342"]]
  [1m[36mQuestion Load (0.2ms)[0m  [1m[34mSELECT  "questions".* FROM "questions" WHERE "questions"."id" = $1 LIMIT $2[0m  [["id", 33], ["LIMIT", 1]]
  [1m[35mSQL (0.4ms)[0m  [1m[32mINSERT INTO "answer_choices" ("body", "question_id", "created_at", "updated_at") VALUES ($1, $2, $3, $4) RETURNING "id"[0m  [["body", "Knitting?"], ["question_id", 33], ["created_at", "2018-09-07 00:20:57.847365"], ["updated_at", "2018-09-07 00:20:57.847365"]]
  [1m[36mQuestion Load (0.2ms)[0m  [1m[34mSELECT  "questions".* FROM "questions" WHERE "questions"."id" = $1 LIMIT $2[0m  [["id", 33], ["LIMIT", 1]]
  [1m[35mSQL (0.4ms)[0m  [1m[32mINSERT INTO "answer_choices" ("body", "question_id", "created_at", "updated_at") VALUES ($1, $2, $3, $4) RETURNING "id"[0m  [["body", "shuffleboard!"], ["question_id", 33], ["created_at", "2018-09-07 00:20:57.849379"], ["updated_at", "2018-09-07 00:20:57.849379"]]
  [1m[36mAnswerChoice Load (0.5ms)[0m  [1m[34mSELECT  "answer_choices".* FROM "answer_choices" WHERE "answer_choices"."id" = $1 LIMIT $2[0m  [["id", 39], ["LIMIT", 1]]
  [1m[36mUser Load (0.5ms)[0m  [1m[34mSELECT  "users".* FROM "users" WHERE "users"."id" = $1 LIMIT $2[0m  [["id", 4], ["LIMIT", 1]]
  [1m[35mSQL (1.1ms)[0m  [1m[32mINSERT INTO "responses" ("user_id", "answer_id", "created_at", "updated_at") VALUES ($1, $2, $3, $4) RETURNING "id"[0m  [["user_id", 4], ["answer_id", 39], ["created_at", "2018-09-07 00:20:57.870222"], ["updated_at", "2018-09-07 00:20:57.870222"]]
  [1m[36mAnswerChoice Load (0.4ms)[0m  [1m[34mSELECT  "answer_choices".* FROM "answer_choices" WHERE "answer_choices"."id" = $1 LIMIT $2[0m  [["id", 29], ["LIMIT", 1]]
  [1m[36mUser Load (0.2ms)[0m  [1m[34mSELECT  "users".* FROM "users" WHERE "users"."id" = $1 LIMIT $2[0m  [["id", 5], ["LIMIT", 1]]
  [1m[35mSQL (0.4ms)[0m  [1m[32mINSERT INTO "responses" ("user_id", "answer_id", "created_at", "updated_at") VALUES ($1, $2, $3, $4) RETURNING "id"[0m  [["user_id", 5], ["answer_id", 29], ["created_at", "2018-09-07 00:20:57.875060"], ["updated_at", "2018-09-07 00:20:57.875060"]]
  [1m[36mAnswerChoice Load (0.3ms)[0m  [1m[34mSELECT  "answer_choices".* FROM "answer_choices" WHERE "answer_choices"."id" = $1 LIMIT $2[0m  [["id", 34], ["LIMIT", 1]]
  [1m[36mUser Load (0.2ms)[0m  [1m[34mSELECT  "users".* FROM "users" WHERE "users"."id" = $1 LIMIT $2[0m  [["id", 1], ["LIMIT", 1]]
  [1m[35mSQL (0.4ms)[0m  [1m[32mINSERT INTO "responses" ("user_id", "answer_id", "created_at", "updated_at") VALUES ($1, $2, $3, $4) RETURNING "id"[0m  [["user_id", 1], ["answer_id", 34], ["created_at", "2018-09-07 00:20:57.878324"], ["updated_at", "2018-09-07 00:20:57.878324"]]
  [1m[36mAnswerChoice Load (0.3ms)[0m  [1m[34mSELECT  "answer_choices".* FROM "answer_choices" WHERE "answer_choices"."id" = $1 LIMIT $2[0m  [["id", 38], ["LIMIT", 1]]
  [1m[36mUser Load (0.2ms)[0m  [1m[34mSELECT  "users".* FROM "users" WHERE "users"."id" = $1 LIMIT $2[0m  [["id", 2], ["LIMIT", 1]]
  [1m[35mSQL (0.4ms)[0m  [1m[32mINSERT INTO "responses" ("user_id", "answer_id", "created_at", "updated_at") VALUES ($1, $2, $3, $4) RETURNING "id"[0m  [["user_id", 2], ["answer_id", 38], ["created_at", "2018-09-07 00:20:57.881481"], ["updated_at", "2018-09-07 00:20:57.881481"]]
  [1m[36mAnswerChoice Load (0.3ms)[0m  [1m[34mSELECT  "answer_choices".* FROM "answer_choices" WHERE "answer_choices"."id" = $1 LIMIT $2[0m  [["id", 40], ["LIMIT", 1]]
  [1m[36mUser Load (0.2ms)[0m  [1m[34mSELECT  "users".* FROM "users" WHERE "users"."id" = $1 LIMIT $2[0m  [["id", 3], ["LIMIT", 1]]
  [1m[35mSQL (0.4ms)[0m  [1m[32mINSERT INTO "responses" ("user_id", "answer_id", "created_at", "updated_at") VALUES ($1, $2, $3, $4) RETURNING "id"[0m  [["user_id", 3], ["answer_id", 40], ["created_at", "2018-09-07 00:20:57.884677"], ["updated_at", "2018-09-07 00:20:57.884677"]]
  [1m[36mAnswerChoice Load (0.3ms)[0m  [1m[34mSELECT  "answer_choices".* FROM "answer_choices" WHERE "answer_choices"."id" = $1 LIMIT $2[0m  [["id", 31], ["LIMIT", 1]]
  [1m[36mUser Load (0.2ms)[0m  [1m[34mSELECT  "users".* FROM "users" WHERE "users"."id" = $1 LIMIT $2[0m  [["id", 4], ["LIMIT", 1]]
  [1m[35mSQL (0.5ms)[0m  [1m[32mINSERT INTO "responses" ("user_id", "answer_id", "created_at", "updated_at") VALUES ($1, $2, $3, $4) RETURNING "id"[0m  [["user_id", 4], ["answer_id", 31], ["created_at", "2018-09-07 00:20:57.887824"], ["updated_at", "2018-09-07 00:20:57.887824"]]
  [1m[36mAnswerChoice Load (0.2ms)[0m  [1m[34mSELECT  "answer_choices".* FROM "answer_choices" WHERE "answer_choices"."id" = $1 LIMIT $2[0m  [["id", 35], ["LIMIT", 1]]
  [1m[36mUser Load (0.2ms)[0m  [1m[34mSELECT  "users".* FROM "users" WHERE "users"."id" = $1 LIMIT $2[0m  [["id", 5], ["LIMIT", 1]]
  [1m[35mSQL (0.4ms)[0m  [1m[32mINSERT INTO "responses" ("user_id", "answer_id", "created_at", "updated_at") VALUES ($1, $2, $3, $4) RETURNING "id"[0m  [["user_id", 5], ["answer_id", 35], ["created_at", "2018-09-07 00:20:57.891174"], ["updated_at", "2018-09-07 00:20:57.891174"]]
  [1m[36mAnswerChoice Load (0.2ms)[0m  [1m[34mSELECT  "answer_choices".* FROM "answer_choices" WHERE "answer_choices"."id" = $1 LIMIT $2[0m  [["id", 52], ["LIMIT", 1]]
  [1m[36mUser Load (0.2ms)[0m  [1m[34mSELECT  "users".* FROM "users" WHERE "users"."id" = $1 LIMIT $2[0m  [["id", 1], ["LIMIT", 1]]
  [1m[35mSQL (0.4ms)[0m  [1m[32mINSERT INTO "responses" ("user_id", "answer_id", "created_at", "updated_at") VALUES ($1, $2, $3, $4) RETURNING "id"[0m  [["user_id", 1], ["answer_id", 52], ["created_at", "2018-09-07 00:20:57.894165"], ["updated_at", "2018-09-07 00:20:57.894165"]]
  [1m[35m (0.8ms)[0m  [1m[35mCOMMIT[0m
  [1m[36mResponse Load (0.7ms)[0m  [1m[34mSELECT  "responses".* FROM "responses" ORDER BY "responses"."id" ASC LIMIT $1[0m  [["LIMIT", 1]]
  [1m[36mResponse Load (1.2ms)[0m  [1m[34mSELECT  "responses".* FROM "responses" ORDER BY "responses"."id" ASC LIMIT $1[0m  [["LIMIT", 1]]
  [1m[36mQuestion Load (1.4ms)[0m  [1m[34mSELECT  "questions".* FROM "questions" INNER JOIN "answer_choices" ON "questions"."id" = "answer_choices"."question_id" WHERE "answer_choices"."id" = $1 LIMIT $2[0m  [["id", 39], ["LIMIT", 1]]
